<?xml version="1.0" encoding="UTF-8"?>
<testng-results ignored="0" total="10" passed="10" failed="0" skipped="0">
  <reporter-output>
  </reporter-output>
  <suite started-at="2021-11-22T17:07:35 IST" name="Suite" finished-at="2021-11-22T17:15:33 IST" duration-ms="477976">
    <groups>
    </groups>
    <test started-at="2021-11-22T17:07:35 IST" name="TestCase1" finished-at="2021-11-22T17:08:16 IST" duration-ms="40656">
      <class name="Comprehensive.Hybrid.PageObjects.CreateAccountTest">
        <test-method is-config="true" signature="ReadExcelData()[pri:0, instance:Comprehensive.Hybrid.PageObjects.CreateAccountTest@458342d3]" started-at="2021-11-22T17:07:35 IST" name="ReadExcelData" finished-at="2021-11-22T17:07:53 IST" duration-ms="17544" status="PASS">
          <reporter-output>
          </reporter-output>
        </test-method> <!-- ReadExcelData -->
        <test-method signature="creatingAccount()[pri:0, instance:Comprehensive.Hybrid.PageObjects.CreateAccountTest@458342d3]" started-at="2021-11-22T17:07:53 IST" name="creatingAccount" finished-at="2021-11-22T17:08:09 IST" duration-ms="16545" status="PASS">
          <reporter-output>
          </reporter-output>
        </test-method> <!-- creatingAccount -->
        <test-method is-config="true" signature="closeBrowser()[pri:0, instance:Comprehensive.Hybrid.PageObjects.CreateAccountTest@458342d3]" started-at="2021-11-22T17:08:15 IST" name="closeBrowser" finished-at="2021-11-22T17:08:16 IST" duration-ms="546" status="PASS">
          <reporter-output>
          </reporter-output>
        </test-method> <!-- closeBrowser -->
      </class> <!-- Comprehensive.Hybrid.PageObjects.CreateAccountTest -->
    </test> <!-- TestCase1 -->
    <test started-at="2021-11-22T17:08:17 IST" name="TestCase2" finished-at="2021-11-22T17:09:06 IST" duration-ms="49162">
      <class name="Comprehensive.Hybrid.PageObjects.BuyGiftCardTest">
        <test-method is-config="true" signature="openBrowser()[pri:0, instance:Comprehensive.Hybrid.PageObjects.BuyGiftCardTest@4275c20c]" started-at="2021-11-22T17:08:17 IST" name="openBrowser" finished-at="2021-11-22T17:08:33 IST" duration-ms="16387" status="PASS">
          <reporter-output>
          </reporter-output>
        </test-method> <!-- openBrowser -->
        <test-method signature="buyGiftCard()[pri:0, instance:Comprehensive.Hybrid.PageObjects.BuyGiftCardTest@4275c20c]" started-at="2021-11-22T17:08:33 IST" name="buyGiftCard" finished-at="2021-11-22T17:09:04 IST" duration-ms="30734" status="PASS">
          <reporter-output>
          </reporter-output>
        </test-method> <!-- buyGiftCard -->
        <test-method is-config="true" signature="closeBrowser()[pri:0, instance:Comprehensive.Hybrid.PageObjects.BuyGiftCardTest@4275c20c]" started-at="2021-11-22T17:09:04 IST" name="closeBrowser" finished-at="2021-11-22T17:09:06 IST" duration-ms="1657" status="PASS">
          <reporter-output>
          </reporter-output>
        </test-method> <!-- closeBrowser -->
      </class> <!-- Comprehensive.Hybrid.PageObjects.BuyGiftCardTest -->
    </test> <!-- TestCase2 -->
    <test started-at="2021-11-22T17:09:06 IST" name="TestCase3" finished-at="2021-11-22T17:10:01 IST" duration-ms="55241">
      <class name="Comprehensive.Hybrid.PageObjects.BuyDCMerchandiseTest">
        <test-method is-config="true" signature="openBrowser()[pri:0, instance:Comprehensive.Hybrid.PageObjects.BuyDCMerchandiseTest@7adf16aa]" started-at="2021-11-22T17:09:06 IST" name="openBrowser" finished-at="2021-11-22T17:09:28 IST" duration-ms="22013" status="PASS">
          <reporter-output>
          </reporter-output>
        </test-method> <!-- openBrowser -->
        <test-method signature="buyMerchandise()[pri:0, instance:Comprehensive.Hybrid.PageObjects.BuyDCMerchandiseTest@7adf16aa]" started-at="2021-11-22T17:09:28 IST" name="buyMerchandise" finished-at="2021-11-22T17:10:01 IST" duration-ms="32860" status="PASS">
          <reporter-output>
          </reporter-output>
        </test-method> <!-- buyMerchandise -->
        <test-method is-config="true" signature="closeBrowser()[pri:0, instance:Comprehensive.Hybrid.PageObjects.BuyDCMerchandiseTest@7adf16aa]" started-at="2021-11-22T17:10:01 IST" name="closeBrowser" finished-at="2021-11-22T17:10:01 IST" duration-ms="150" status="PASS">
          <reporter-output>
          </reporter-output>
        </test-method> <!-- closeBrowser -->
      </class> <!-- Comprehensive.Hybrid.PageObjects.BuyDCMerchandiseTest -->
    </test> <!-- TestCase3 -->
    <test started-at="2021-11-22T17:10:01 IST" name="TestCase4" finished-at="2021-11-22T17:10:57 IST" duration-ms="55925">
      <class name="Comprehensive.Hybrid.PageObjects.BuyManchesterCrestTest">
        <test-method is-config="true" signature="openBrowser()[pri:0, instance:Comprehensive.Hybrid.PageObjects.BuyManchesterCrestTest@2c104774]" started-at="2021-11-22T17:10:01 IST" name="openBrowser" finished-at="2021-11-22T17:10:24 IST" duration-ms="23150" status="PASS">
          <reporter-output>
          </reporter-output>
        </test-method> <!-- openBrowser -->
        <test-method signature="buyManchesterUnitedCrester()[pri:0, instance:Comprehensive.Hybrid.PageObjects.BuyManchesterCrestTest@2c104774]" started-at="2021-11-22T17:10:24 IST" name="buyManchesterUnitedCrester" finished-at="2021-11-22T17:10:56 IST" duration-ms="31355" status="PASS">
          <reporter-output>
          </reporter-output>
        </test-method> <!-- buyManchesterUnitedCrester -->
        <test-method is-config="true" signature="closeBrowser()[pri:0, instance:Comprehensive.Hybrid.PageObjects.BuyManchesterCrestTest@2c104774]" started-at="2021-11-22T17:10:56 IST" name="closeBrowser" finished-at="2021-11-22T17:10:57 IST" duration-ms="1051" status="PASS">
          <reporter-output>
          </reporter-output>
        </test-method> <!-- closeBrowser -->
      </class> <!-- Comprehensive.Hybrid.PageObjects.BuyManchesterCrestTest -->
    </test> <!-- TestCase4 -->
    <test started-at="2021-11-22T17:10:57 IST" name="TestCase5" finished-at="2021-11-22T17:11:36 IST" duration-ms="38733">
      <class name="Comprehensive.Hybrid.PageObjects.BuyPersonalizedGiftTest">
        <test-method is-config="true" signature="openBrowser()[pri:0, instance:Comprehensive.Hybrid.PageObjects.BuyPersonalizedGiftTest@42f3156d]" started-at="2021-11-22T17:10:57 IST" name="openBrowser" finished-at="2021-11-22T17:11:10 IST" duration-ms="12653" status="PASS">
          <reporter-output>
          </reporter-output>
        </test-method> <!-- openBrowser -->
        <test-method signature="buyPersonalizedBottle()[pri:0, instance:Comprehensive.Hybrid.PageObjects.BuyPersonalizedGiftTest@42f3156d]" started-at="2021-11-22T17:11:10 IST" name="buyPersonalizedBottle" finished-at="2021-11-22T17:11:35 IST" duration-ms="25542" status="PASS">
          <reporter-output>
          </reporter-output>
        </test-method> <!-- buyPersonalizedBottle -->
        <test-method is-config="true" signature="closeBrowser()[pri:0, instance:Comprehensive.Hybrid.PageObjects.BuyPersonalizedGiftTest@42f3156d]" started-at="2021-11-22T17:11:36 IST" name="closeBrowser" finished-at="2021-11-22T17:11:36 IST" duration-ms="207" status="PASS">
          <reporter-output>
          </reporter-output>
        </test-method> <!-- closeBrowser -->
      </class> <!-- Comprehensive.Hybrid.PageObjects.BuyPersonalizedGiftTest -->
    </test> <!-- TestCase5 -->
    <test started-at="2021-11-22T17:11:36 IST" name="TestCase6" finished-at="2021-11-22T17:12:08 IST" duration-ms="31884">
      <class name="Comprehensive.Hybrid.PageObjects.SearchForItemTest">
        <test-method is-config="true" signature="openBrowser()[pri:0, instance:Comprehensive.Hybrid.PageObjects.SearchForItemTest@65aa6596]" started-at="2021-11-22T17:11:36 IST" name="openBrowser" finished-at="2021-11-22T17:11:49 IST" duration-ms="13053" status="PASS">
          <reporter-output>
          </reporter-output>
        </test-method> <!-- openBrowser -->
        <test-method signature="ItemSearch()[pri:0, instance:Comprehensive.Hybrid.PageObjects.SearchForItemTest@65aa6596]" started-at="2021-11-22T17:11:49 IST" name="ItemSearch" finished-at="2021-11-22T17:12:07 IST" duration-ms="18345" status="PASS">
          <reporter-output>
          </reporter-output>
        </test-method> <!-- ItemSearch -->
        <test-method is-config="true" signature="closeBrowser()[pri:0, instance:Comprehensive.Hybrid.PageObjects.SearchForItemTest@65aa6596]" started-at="2021-11-22T17:12:07 IST" name="closeBrowser" finished-at="2021-11-22T17:12:08 IST" duration-ms="212" status="PASS">
          <reporter-output>
          </reporter-output>
        </test-method> <!-- closeBrowser -->
      </class> <!-- Comprehensive.Hybrid.PageObjects.SearchForItemTest -->
    </test> <!-- TestCase6 -->
    <test started-at="2021-11-22T17:12:08 IST" name="TestCase7" finished-at="2021-11-22T17:12:41 IST" duration-ms="33467">
      <class name="Comprehensive.Hybrid.PageObjects.CheckCODTest">
        <test-method is-config="true" signature="openBrowser()[pri:0, instance:Comprehensive.Hybrid.PageObjects.CheckCODTest@1ce61929]" started-at="2021-11-22T17:12:08 IST" name="openBrowser" finished-at="2021-11-22T17:12:19 IST" duration-ms="10956" status="PASS">
          <reporter-output>
          </reporter-output>
        </test-method> <!-- openBrowser -->
        <test-method signature="checkForCOD()[pri:0, instance:Comprehensive.Hybrid.PageObjects.CheckCODTest@1ce61929]" started-at="2021-11-22T17:12:19 IST" name="checkForCOD" finished-at="2021-11-22T17:12:41 IST" duration-ms="22094" status="PASS">
          <reporter-output>
          </reporter-output>
        </test-method> <!-- checkForCOD -->
        <test-method is-config="true" signature="closeBrowser()[pri:0, instance:Comprehensive.Hybrid.PageObjects.CheckCODTest@1ce61929]" started-at="2021-11-22T17:12:41 IST" name="closeBrowser" finished-at="2021-11-22T17:12:41 IST" duration-ms="182" status="PASS">
          <reporter-output>
          </reporter-output>
        </test-method> <!-- closeBrowser -->
      </class> <!-- Comprehensive.Hybrid.PageObjects.CheckCODTest -->
    </test> <!-- TestCase7 -->
    <test started-at="2021-11-22T17:12:41 IST" name="TestCase8" finished-at="2021-11-22T17:13:21 IST" duration-ms="39561">
      <class name="Comprehensive.Hybrid.PageObjects.WishlistTest">
        <test-method is-config="true" signature="openBrowser()[pri:0, instance:Comprehensive.Hybrid.PageObjects.WishlistTest@10650953]" started-at="2021-11-22T17:12:41 IST" name="openBrowser" finished-at="2021-11-22T17:12:53 IST" duration-ms="11838" status="PASS">
          <reporter-output>
          </reporter-output>
        </test-method> <!-- openBrowser -->
        <test-method signature="wishlisting()[pri:0, instance:Comprehensive.Hybrid.PageObjects.WishlistTest@10650953]" started-at="2021-11-22T17:12:53 IST" name="wishlisting" finished-at="2021-11-22T17:13:19 IST" duration-ms="25588" status="PASS">
          <reporter-output>
          </reporter-output>
        </test-method> <!-- wishlisting -->
        <test-method is-config="true" signature="closeBrowser()[pri:0, instance:Comprehensive.Hybrid.PageObjects.WishlistTest@10650953]" started-at="2021-11-22T17:13:20 IST" name="closeBrowser" finished-at="2021-11-22T17:13:21 IST" duration-ms="944" status="PASS">
          <reporter-output>
          </reporter-output>
        </test-method> <!-- closeBrowser -->
      </class> <!-- Comprehensive.Hybrid.PageObjects.WishlistTest -->
    </test> <!-- TestCase8 -->
    <test started-at="2021-11-22T17:13:21 IST" name="TestCase9" finished-at="2021-11-22T17:14:48 IST" duration-ms="87137">
      <class name="Comprehensive.Hybrid.PageObjects.PurchaseFromCartTest">
        <test-method is-config="true" signature="openBrowser()[pri:0, instance:Comprehensive.Hybrid.PageObjects.PurchaseFromCartTest@7db82169]" started-at="2021-11-22T17:13:21 IST" name="openBrowser" finished-at="2021-11-22T17:13:50 IST" duration-ms="29128" status="PASS">
          <reporter-output>
          </reporter-output>
        </test-method> <!-- openBrowser -->
        <test-method signature="purchaseFromCarts()[pri:0, instance:Comprehensive.Hybrid.PageObjects.PurchaseFromCartTest@7db82169]" started-at="2021-11-22T17:13:50 IST" name="purchaseFromCarts" finished-at="2021-11-22T17:14:46 IST" duration-ms="56348" status="PASS">
          <reporter-output>
          </reporter-output>
        </test-method> <!-- purchaseFromCarts -->
        <test-method is-config="true" signature="closeBrowser()[pri:0, instance:Comprehensive.Hybrid.PageObjects.PurchaseFromCartTest@7db82169]" started-at="2021-11-22T17:14:47 IST" name="closeBrowser" finished-at="2021-11-22T17:14:48 IST" duration-ms="1395" status="PASS">
          <reporter-output>
          </reporter-output>
        </test-method> <!-- closeBrowser -->
      </class> <!-- Comprehensive.Hybrid.PageObjects.PurchaseFromCartTest -->
    </test> <!-- TestCase9 -->
    <test started-at="2021-11-22T17:14:48 IST" name="TestCase10" finished-at="2021-11-22T17:15:33 IST" duration-ms="45232">
      <class name="Comprehensive.Hybrid.PageObjects.ContactTest">
        <test-method is-config="true" signature="openBrowser()[pri:0, instance:Comprehensive.Hybrid.PageObjects.ContactTest@21d8bcbe]" started-at="2021-11-22T17:14:48 IST" name="openBrowser" finished-at="2021-11-22T17:15:11 IST" duration-ms="23128" status="PASS">
          <reporter-output>
          </reporter-output>
        </test-method> <!-- openBrowser -->
        <test-method signature="contactOwner()[pri:0, instance:Comprehensive.Hybrid.PageObjects.ContactTest@21d8bcbe]" started-at="2021-11-22T17:15:11 IST" name="contactOwner" finished-at="2021-11-22T17:15:32 IST" duration-ms="20772" status="PASS">
          <reporter-output>
          </reporter-output>
        </test-method> <!-- contactOwner -->
        <test-method is-config="true" signature="closeBrowser()[pri:0, instance:Comprehensive.Hybrid.PageObjects.ContactTest@21d8bcbe]" started-at="2021-11-22T17:15:33 IST" name="closeBrowser" finished-at="2021-11-22T17:15:33 IST" duration-ms="247" status="PASS">
          <reporter-output>
          </reporter-output>
        </test-method> <!-- closeBrowser -->
      </class> <!-- Comprehensive.Hybrid.PageObjects.ContactTest -->
    </test> <!-- TestCase10 -->
  </suite> <!-- Suite -->
</testng-results>
