<?xml version="1.0" encoding="UTF-8"?>
<!-- Generated by org.testng.reporters.JUnitXMLReporter -->
<testsuite ignored="0" hostname="RAVI-11" failures="1" tests="2" name="Test" time="43.413" errors="0" timestamp="2021-11-22T12:37:25 IST">
  <testcase classname="Comprehensive.Hybrid.PageObjects.CreateAccountTest" name="creatingAccount" time="14.489"/>
  <testcase classname="Comprehensive.Hybrid.PageObjects.CreateAccountTest" name="creatingAccount" time="43.225">
    <failure type="java.lang.NullPointerException">
      <![CDATA[java.lang.NullPointerException
at Comprehensive.Hybrid.Utilities.base.getScreenshot(base.java:37)
at Comprehensive.Hybrid.Utilities.listeners.onTestSuccess(listeners.java:16)
at java.base/java.util.ArrayList.forEach(ArrayList.java:1540)
... Removed 24 stack frames]]>
    </failure>
  </testcase> <!-- creatingAccount -->
</testsuite> <!-- Test -->
